# JRE version: OpenJDK Runtime Environment Temurin-21.0.10+7 (21.0.10+7) (build 21.0.10+7-LTS)
# Java VM: OpenJDK 64-Bit Server VM Temurin-21.0.10+7 (21.0.10+7-LTS, mixed mode, sharing, tiered, compressed oops, compressed class ptrs, parallel gc, windows-amd64)
GC Precious Log:
 CardTable entry size: 512
 CPUs: 20 total, 20 available
 Memory: 16200M
 Large Page Support: Disabled
 NUMA Support: Disabled
 Compressed Oops: Enabled (32-bit)
 Alignments: Space 512K, Generation 512K, Heap 2M
 Heap Min Capacity: 100M
 Heap Initial Capacity: 100M
 Heap Max Capacity: 2G
 Pre-touch: Disabled
 Parallel Workers: 15
Heap:
 PSYoungGen      total 3584K, used 1600K [0x00000000d5580000, 0x00000000d5b80000, 0x0000000100000000)
  eden space 3072K, 38% used [0x00000000d5580000,0x00000000d56a81b8,0x00000000d5880000)
  from space 512K, 81% used [0x00000000d5a80000,0x00000000d5ae8000,0x00000000d5b00000)
  to   space 512K, 0% used [0x00000000d5b00000,0x00000000d5b00000,0x00000000d5b80000)
 ParOldGen       total 1018880K, used 1018398K [0x0000000080000000, 0x00000000be300000, 0x00000000d5580000)
  object space 1018880K, 99% used [0x0000000080000000,0x00000000be2879a0,0x00000000be300000)
 Metaspace       used 92470K, committed 94272K, reserved 1179648K
  class space    used 9114K, committed 9984K, reserved 1048576K
GC Heap History (20 events):
Event: 24023.190 GC heap before
{Heap before GC invocations=4015 (full 6):
 PSYoungGen      total 3584K, used 3504K [0x00000000d5580000, 0x00000000d5b80000, 0x0000000100000000)
  eden space 3072K, 100% used [0x00000000d5580000,0x00000000d5880000,0x00000000d5880000)
  from space 512K, 84% used [0x00000000d5a80000,0x00000000d5aec010,0x00000000d5b00000)
  to   space 512K, 0% used [0x00000000d5b00000,0x00000000d5b00000,0x00000000d5b80000)
 ParOldGen       total 1018368K, used 1018174K [0x0000000080000000, 0x00000000be280000, 0x00000000d5580000)
  object space 1018368K, 99% used [0x0000000080000000,0x00000000be24f9a0,0x00000000be280000)
 Metaspace       used 92458K, committed 94272K, reserved 1179648K
  class space    used 9114K, committed 9984K, reserved 1048576K
}
Event: 24023.193 GC heap after
{Heap after GC invocations=4015 (full 6):
 PSYoungGen      total 3584K, used 448K [0x00000000d5580000, 0x00000000d5b80000, 0x0000000100000000)
  eden space 3072K, 0% used [0x00000000d5580000,0x00000000d5580000,0x00000000d5880000)
  from space 512K, 87% used [0x00000000d5b00000,0x00000000d5b70000,0x00000000d5b80000)
  to   space 512K, 0% used [0x00000000d5a80000,0x00000000d5a80000,0x00000000d5b00000)
 ParOldGen       total 1018368K, used 1018190K [0x0000000080000000, 0x00000000be280000, 0x00000000d5580000)
  object space 1018368K, 99% used [0x0000000080000000,0x00000000be2539a0,0x00000000be280000)
 Metaspace       used 92458K, committed 94272K, reserved 1179648K
  class space    used 9114K, committed 9984K, reserved 1048576K
}
Event: 24034.276 GC heap before
{Heap before GC invocations=4016 (full 6):
 PSYoungGen      total 3584K, used 3520K [0x00000000d5580000, 0x00000000d5b80000, 0x0000000100000000)
  eden space 3072K, 100% used [0x00000000d5580000,0x00000000d5880000,0x00000000d5880000)
  from space 512K, 87% used [0x00000000d5b00000,0x00000000d5b70000,0x00000000d5b80000)
  to   space 512K, 0% used [0x00000000d5a80000,0x00000000d5a80000,0x00000000d5b00000)
 ParOldGen       total 1018368K, used 1018190K [0x0000000080000000, 0x00000000be280000, 0x00000000d5580000)
  object space 1018368K, 99% used [0x0000000080000000,0x00000000be2539a0,0x00000000be280000)
 Metaspace       used 92458K, committed 94272K, reserved 1179648K
  class space    used 9114K, committed 9984K, reserved 1048576K
}
Event: 24034.278 GC heap after
{Heap after GC invocations=4016 (full 6):
 PSYoungGen      total 3584K, used 416K [0x00000000d5580000, 0x00000000d5b80000, 0x0000000100000000)
  eden space 3072K, 0% used [0x00000000d5580000,0x00000000d5580000,0x00000000d5880000)
  from space 512K, 81% used [0x00000000d5a80000,0x00000000d5ae8000,0x00000000d5b00000)
  to   space 512K, 0% used [0x00000000d5b00000,0x00000000d5b00000,0x00000000d5b80000)
 ParOldGen       total 1018368K, used 1018206K [0x0000000080000000, 0x00000000be280000, 0x00000000d5580000)
  object space 1018368K, 99% used [0x0000000080000000,0x00000000be2579a0,0x00000000be280000)
 Metaspace       used 92458K, committed 94272K, reserved 1179648K
  class space    used 9114K, committed 9984K, reserved 1048576K
}
Event: 24053.769 GC heap before
{Heap before GC invocations=4017 (full 6):
 PSYoungGen      total 3584K, used 3487K [0x00000000d5580000, 0x00000000d5b80000, 0x0000000100000000)
  eden space 3072K, 99% used [0x00000000d5580000,0x00000000d587fff8,0x00000000d5880000)
  from space 512K, 81% used [0x00000000d5a80000,0x00000000d5ae8000,0x00000000d5b00000)
  to   space 512K, 0% used [0x00000000d5b00000,0x00000000d5b00000,0x00000000d5b80000)
 ParOldGen       total 1018368K, used 1018206K [0x0000000080000000, 0x00000000be280000, 0x00000000d5580000)
  object space 1018368K, 99% used [0x0000000080000000,0x00000000be2579a0,0x00000000be280000)
 Metaspace       used 92458K, committed 94272K, reserved 1179648K
  class space    used 9114K, committed 9984K, reserved 1048576K
}
Event: 24053.771 GC heap after
{Heap after GC invocations=4017 (full 6):
 PSYoungGen      total 3584K, used 464K [0x00000000d5580000, 0x00000000d5b80000, 0x0000000100000000)
  eden space 3072K, 0% used [0x00000000d5580000,0x00000000d5580000,0x00000000d5880000)
  from space 512K, 90% used [0x00000000d5b00000,0x00000000d5b74010,0x00000000d5b80000)
  to   space 512K, 0% used [0x00000000d5a80000,0x00000000d5a80000,0x00000000d5b00000)
 ParOldGen       total 1018368K, used 1018222K [0x0000000080000000, 0x00000000be280000, 0x00000000d5580000)
  object space 1018368K, 99% used [0x0000000080000000,0x00000000be25b9a0,0x00000000be280000)
 Metaspace       used 92458K, committed 94272K, reserved 1179648K
  class space    used 9114K, committed 9984K, reserved 1048576K
}
Event: 24081.684 GC heap before
{Heap before GC invocations=4018 (full 6):
 PSYoungGen      total 3584K, used 3536K [0x00000000d5580000, 0x00000000d5b80000, 0x0000000100000000)
  eden space 3072K, 100% used [0x00000000d5580000,0x00000000d5880000,0x00000000d5880000)
  from space 512K, 90% used [0x00000000d5b00000,0x00000000d5b74010,0x00000000d5b80000)
  to   space 512K, 0% used [0x00000000d5a80000,0x00000000d5a80000,0x00000000d5b00000)
 ParOldGen       total 1018368K, used 1018222K [0x0000000080000000, 0x00000000be280000, 0x00000000d5580000)
  object space 1018368K, 99% used [0x0000000080000000,0x00000000be25b9a0,0x00000000be280000)
 Metaspace       used 92458K, committed 94272K, reserved 1179648K
  class space    used 9114K, committed 9984K, reserved 1048576K
}
Event: 24081.685 GC heap after
{Heap after GC invocations=4018 (full 6):
 PSYoungGen      total 3584K, used 416K [0x00000000d5580000, 0x00000000d5b80000, 0x0000000100000000)
  eden space 3072K, 0% used [0x00000000d5580000,0x00000000d5580000,0x00000000d5880000)
  from space 512K, 81% used [0x00000000d5a80000,0x00000000d5ae8000,0x00000000d5b00000)
  to   space 512K, 0% used [0x00000000d5b00000,0x00000000d5b00000,0x00000000d5b80000)
 ParOldGen       total 1018368K, used 1018238K [0x0000000080000000, 0x00000000be280000, 0x00000000d5580000)
  object space 1018368K, 99% used [0x0000000080000000,0x00000000be25f9a0,0x00000000be280000)
 Metaspace       used 92458K, committed 94272K, reserved 1179648K
  class space    used 9114K, committed 9984K, reserved 1048576K
}
Event: 24097.337 GC heap before
{Heap before GC invocations=4019 (full 6):
 PSYoungGen      total 3584K, used 3488K [0x00000000d5580000, 0x00000000d5b80000, 0x0000000100000000)
  eden space 3072K, 100% used [0x00000000d5580000,0x00000000d5880000,0x00000000d5880000)
  from space 512K, 81% used [0x00000000d5a80000,0x00000000d5ae8000,0x00000000d5b00000)
  to   space 512K, 0% used [0x00000000d5b00000,0x00000000d5b00000,0x00000000d5b80000)
 ParOldGen       total 1018368K, used 1018238K [0x0000000080000000, 0x00000000be280000, 0x00000000d5580000)
  object space 1018368K, 99% used [0x0000000080000000,0x00000000be25f9a0,0x00000000be280000)
 Metaspace       used 92458K, committed 94272K, reserved 1179648K
  class space    used 9114K, committed 9984K, reserved 1048576K
}
Event: 24097.339 GC heap after
{Heap after GC invocations=4019 (full 6):
 PSYoungGen      total 3584K, used 448K [0x00000000d5580000, 0x00000000d5b80000, 0x0000000100000000)
  eden space 3072K, 0% used [0x00000000d5580000,0x00000000d5580000,0x00000000d5880000)
  from space 512K, 87% used [0x00000000d5b00000,0x00000000d5b70000,0x00000000d5b80000)
  to   space 512K, 0% used [0x00000000d5a80000,0x00000000d5a80000,0x00000000d5b00000)
 ParOldGen       total 1018368K, used 1018254K [0x0000000080000000, 0x00000000be280000, 0x00000000d5580000)
  object space 1018368K, 99% used [0x0000000080000000,0x00000000be2639a0,0x00000000be280000)
 Metaspace       used 92458K, committed 94272K, reserved 1179648K
  class space    used 9114K, committed 9984K, reserved 1048576K
}
Event: 24199.261 GC heap before
{Heap before GC invocations=4020 (full 6):
 PSYoungGen      total 3584K, used 3520K [0x00000000d5580000, 0x00000000d5b80000, 0x0000000100000000)
  eden space 3072K, 100% used [0x00000000d5580000,0x00000000d5880000,0x00000000d5880000)
  from space 512K, 87% used [0x00000000d5b00000,0x00000000d5b70000,0x00000000d5b80000)
  to   space 512K, 0% used [0x00000000d5a80000,0x00000000d5a80000,0x00000000d5b00000)
 ParOldGen       total 1018368K, used 1018254K [0x0000000080000000, 0x00000000be280000, 0x00000000d5580000)
  object space 1018368K, 99% used [0x0000000080000000,0x00000000be2639a0,0x00000000be280000)
 Metaspace       used 92459K, committed 94272K, reserved 1179648K
  class space    used 9114K, committed 9984K, reserved 1048576K
}
Event: 24199.263 GC heap after
{Heap after GC invocations=4020 (full 6):
 PSYoungGen      total 3584K, used 416K [0x00000000d5580000, 0x00000000d5b80000, 0x0000000100000000)
  eden space 3072K, 0% used [0x00000000d5580000,0x00000000d5580000,0x00000000d5880000)
  from space 512K, 81% used [0x00000000d5a80000,0x00000000d5ae8000,0x00000000d5b00000)
  to   space 512K, 0% used [0x00000000d5b00000,0x00000000d5b00000,0x00000000d5b80000)
 ParOldGen       total 1018368K, used 1018278K [0x0000000080000000, 0x00000000be280000, 0x00000000d5580000)
  object space 1018368K, 99% used [0x0000000080000000,0x00000000be2699a0,0x00000000be280000)
 Metaspace       used 92459K, committed 94272K, reserved 1179648K
  class space    used 9114K, committed 9984K, reserved 1048576K
}
Event: 24285.135 GC heap before
{Heap before GC invocations=4021 (full 6):
 PSYoungGen      total 3584K, used 3488K [0x00000000d5580000, 0x00000000d5b80000, 0x0000000100000000)
  eden space 3072K, 100% used [0x00000000d5580000,0x00000000d5880000,0x00000000d5880000)
  from space 512K, 81% used [0x00000000d5a80000,0x00000000d5ae8000,0x00000000d5b00000)
  to   space 512K, 0% used [0x00000000d5b00000,0x00000000d5b00000,0x00000000d5b80000)
 ParOldGen       total 1018368K, used 1018278K [0x0000000080000000, 0x00000000be280000, 0x00000000d5580000)
  object space 1018368K, 99% used [0x0000000080000000,0x00000000be2699a0,0x00000000be280000)
 Metaspace       used 92459K, committed 94272K, reserved 1179648K
  class space    used 9114K, committed 9984K, reserved 1048576K
}
Event: 24285.139 GC heap after
{Heap after GC invocations=4021 (full 6):
 PSYoungGen      total 3584K, used 432K [0x00000000d5580000, 0x00000000d5b80000, 0x0000000100000000)
  eden space 3072K, 0% used [0x00000000d5580000,0x00000000d5580000,0x00000000d5880000)
  from space 512K, 84% used [0x00000000d5b00000,0x00000000d5b6c010,0x00000000d5b80000)
  to   space 512K, 0% used [0x00000000d5a80000,0x00000000d5a80000,0x00000000d5b00000)
 ParOldGen       total 1018368K, used 1018294K [0x0000000080000000, 0x00000000be280000, 0x00000000d5580000)
  object space 1018368K, 99% used [0x0000000080000000,0x00000000be26d9a0,0x00000000be280000)
 Metaspace       used 92459K, committed 94272K, reserved 1179648K
  class space    used 9114K, committed 9984K, reserved 1048576K
}
Event: 24368.533 GC heap before
{Heap before GC invocations=4022 (full 6):
 PSYoungGen      total 3584K, used 3504K [0x00000000d5580000, 0x00000000d5b80000, 0x0000000100000000)
  eden space 3072K, 100% used [0x00000000d5580000,0x00000000d5880000,0x00000000d5880000)
  from space 512K, 84% used [0x00000000d5b00000,0x00000000d5b6c010,0x00000000d5b80000)
  to   space 512K, 0% used [0x00000000d5a80000,0x00000000d5a80000,0x00000000d5b00000)
 ParOldGen       total 1018368K, used 1018294K [0x0000000080000000, 0x00000000be280000, 0x00000000d5580000)
  object space 1018368K, 99% used [0x0000000080000000,0x00000000be26d9a0,0x00000000be280000)
 Metaspace       used 92459K, committed 94272K, reserved 1179648K
  class space    used 9114K, committed 9984K, reserved 1048576K
}
Event: 24368.536 GC heap after
{Heap after GC invocations=4022 (full 6):
 PSYoungGen      total 3584K, used 416K [0x00000000d5580000, 0x00000000d5b80000, 0x0000000100000000)
  eden space 3072K, 0% used [0x00000000d5580000,0x00000000d5580000,0x00000000d5880000)
  from space 512K, 81% used [0x00000000d5a80000,0x00000000d5ae8000,0x00000000d5b00000)
  to   space 512K, 0% used [0x00000000d5b00000,0x00000000d5b00000,0x00000000d5b80000)
 ParOldGen       total 1018368K, used 1018318K [0x0000000080000000, 0x00000000be280000, 0x00000000d5580000)
  object space 1018368K, 99% used [0x0000000080000000,0x00000000be2739a0,0x00000000be280000)
 Metaspace       used 92459K, committed 94272K, reserved 1179648K
  class space    used 9114K, committed 9984K, reserved 1048576K
}
Event: 24378.508 GC heap before
{Heap before GC invocations=4023 (full 6):
 PSYoungGen      total 3584K, used 3487K [0x00000000d5580000, 0x00000000d5b80000, 0x0000000100000000)
  eden space 3072K, 99% used [0x00000000d5580000,0x00000000d587ff98,0x00000000d5880000)
  from space 512K, 81% used [0x00000000d5a80000,0x00000000d5ae8000,0x00000000d5b00000)
  to   space 512K, 0% used [0x00000000d5b00000,0x00000000d5b00000,0x00000000d5b80000)
 ParOldGen       total 1018368K, used 1018318K [0x0000000080000000, 0x00000000be280000, 0x00000000d5580000)
  object space 1018368K, 99% used [0x0000000080000000,0x00000000be2739a0,0x00000000be280000)
 Metaspace       used 92459K, committed 94272K, reserved 1179648K
  class space    used 9114K, committed 9984K, reserved 1048576K
}
Event: 24378.509 GC heap after
{Heap after GC invocations=4023 (full 6):
 PSYoungGen      total 3584K, used 400K [0x00000000d5580000, 0x00000000d5b80000, 0x0000000100000000)
  eden space 3072K, 0% used [0x00000000d5580000,0x00000000d5580000,0x00000000d5880000)
  from space 512K, 78% used [0x00000000d5b00000,0x00000000d5b64010,0x00000000d5b80000)
  to   space 512K, 0% used [0x00000000d5a80000,0x00000000d5a80000,0x00000000d5b00000)
 ParOldGen       total 1018368K, used 1018334K [0x0000000080000000, 0x00000000be280000, 0x00000000d5580000)
  object space 1018368K, 99% used [0x0000000080000000,0x00000000be2779a0,0x00000000be280000)
 Metaspace       used 92459K, committed 94272K, reserved 1179648K
  class space    used 9114K, committed 9984K, reserved 1048576K
}
Event: 24435.896 GC heap before
{Heap before GC invocations=4024 (full 6):
 PSYoungGen      total 3584K, used 3472K [0x00000000d5580000, 0x00000000d5b80000, 0x0000000100000000)
  eden space 3072K, 100% used [0x00000000d5580000,0x00000000d5880000,0x00000000d5880000)
  from space 512K, 78% used [0x00000000d5b00000,0x00000000d5b64010,0x00000000d5b80000)
  to   space 512K, 0% used [0x00000000d5a80000,0x00000000d5a80000,0x00000000d5b00000)
 ParOldGen       total 1018368K, used 1018334K [0x0000000080000000, 0x00000000be280000, 0x00000000d5580000)
  object space 1018368K, 99% used [0x0000000080000000,0x00000000be2779a0,0x00000000be280000)
 Metaspace       used 92459K, committed 94272K, reserved 1179648K
  class space    used 9114K, committed 9984K, reserved 1048576K
}
Event: 24435.897 GC heap after
{Heap after GC invocations=4024 (full 6):
 PSYoungGen      total 3584K, used 416K [0x00000000d5580000, 0x00000000d5b80000, 0x0000000100000000)
  eden space 3072K, 0% used [0x00000000d5580000,0x00000000d5580000,0x00000000d5880000)
  from space 512K, 81% used [0x00000000d5a80000,0x00000000d5ae8000,0x00000000d5b00000)
  to   space 512K, 0% used [0x00000000d5b00000,0x00000000d5b00000,0x00000000d5b80000)
 ParOldGen       total 1018880K, used 1018398K [0x0000000080000000, 0x00000000be300000, 0x00000000d5580000)
  object space 1018880K, 99% used [0x0000000080000000,0x00000000be2879a0,0x00000000be300000)
 Metaspace       used 92459K, committed 94272K, reserved 1179648K
  class space    used 9114K, committed 9984K, reserved 1048576K
}

